<?xml version="1.0" encoding="UTF-8"?>
<!-- Generated by org.testng.reporters.JUnitXMLReporter -->
<testsuite hostname="DESKTOP-V01NHOK" ignored="0" name="Test" tests="3" failures="0" timestamp="2020-12-06T20:20:49 EET" time="8.829" errors="0">
  <testcase name="@BeforeMethod SetupTest" time="8.116" classname="test.AddPostTest">
    <failure type="org.openqa.selenium.WebDriverException" message="unknown error: net::ERR_NAME_NOT_RESOLVED
  (Session info: chrome=86.0.4240.198)
Build info: version: &amp;apos;3.141.59&amp;apos;, revision: &amp;apos;e82be7d358&amp;apos;, time: &amp;apos;2018-11-14T08:25:48&amp;apos;
System info: host: &amp;apos;DESKTOP-V01NHOK&amp;apos;, ip: &amp;apos;192.168.1.5&amp;apos;, os.name: &amp;apos;Windows 10&amp;apos;, os.arch: &amp;apos;amd64&amp;apos;, os.version: &amp;apos;10.0&amp;apos;, java.version: &amp;apos;1.8.0_221&amp;apos;
Driver info: org.openqa.selenium.chrome.ChromeDriver
Capabilities {acceptInsecureCerts: false, browserName: chrome, browserVersion: 86.0.4240.198, chrome: {chromedriverVersion: 86.0.4240.22 (398b0743353ff..., userDataDir: C:\Users\Mostafa\AppData\Lo...}, goog:chromeOptions: {debuggerAddress: localhost:49636}, javascriptEnabled: true, networkConnectionEnabled: false, pageLoadStrategy: normal, platform: WINDOWS, platformName: WINDOWS, proxy: Proxy(), setWindowRect: true, strictFileInteractability: false, timeouts: {implicit: 0, pageLoad: 300000, script: 30000}, unhandledPromptBehavior: dismiss and notify, webauthn:virtualAuthenticators: true}
Session ID: 0e0eeedfb67ad47d23c98298bf6f53f7">
      <![CDATA[org.openqa.selenium.WebDriverException: unknown error: net::ERR_NAME_NOT_RESOLVED
  (Session info: chrome=86.0.4240.198)
Build info: version: '3.141.59', revision: 'e82be7d358', time: '2018-11-14T08:25:48'
System info: host: 'DESKTOP-V01NHOK', ip: '192.168.1.5', os.name: 'Windows 10', os.arch: 'amd64', os.version: '10.0', java.version: '1.8.0_221'
Driver info: org.openqa.selenium.chrome.ChromeDriver
Capabilities {acceptInsecureCerts: false, browserName: chrome, browserVersion: 86.0.4240.198, chrome: {chromedriverVersion: 86.0.4240.22 (398b0743353ff..., userDataDir: C:\Users\Mostafa\AppData\Lo...}, goog:chromeOptions: {debuggerAddress: localhost:49636}, javascriptEnabled: true, networkConnectionEnabled: false, pageLoadStrategy: normal, platform: WINDOWS, platformName: WINDOWS, proxy: Proxy(), setWindowRect: true, strictFileInteractability: false, timeouts: {implicit: 0, pageLoad: 300000, script: 30000}, unhandledPromptBehavior: dismiss and notify, webauthn:virtualAuthenticators: true}
Session ID: 0e0eeedfb67ad47d23c98298bf6f53f7
at org.openqa.selenium.remote.http.W3CHttpResponseCodec.createException(W3CHttpResponseCodec.java:187)
at org.openqa.selenium.remote.http.W3CHttpResponseCodec.decode(W3CHttpResponseCodec.java:122)
at org.openqa.selenium.remote.http.W3CHttpResponseCodec.decode(W3CHttpResponseCodec.java:49)
at org.openqa.selenium.remote.HttpCommandExecutor.execute(HttpCommandExecutor.java:158)
at org.openqa.selenium.remote.service.DriverCommandExecutor.execute(DriverCommandExecutor.java:83)
at org.openqa.selenium.remote.RemoteWebDriver.execute(RemoteWebDriver.java:552)
at org.openqa.selenium.remote.RemoteWebDriver.get(RemoteWebDriver.java:277)
at pages.AddPostPage.openUrl(AddPostPage.java:50)
at test.AddPostTest.SetupTest(AddPostTest.java:26)
at java.util.ArrayList.forEach(ArrayList.java:1257)
... Removed 35 stack frames]]>
    </failure>
  </testcase> <!-- @BeforeMethod SetupTest -->
  <testcase name="@AfterMethod tearDownMethod" time="-1.607278849356E9" classname="test.AddPostTest">
    <skipped/>
  </testcase> <!-- @AfterMethod tearDownMethod -->
  <testcase name="@BeforeMethod SetupTest" time="-1.607278849415E9" classname="test.AddPostTest">
    <skipped/>
  </testcase> <!-- @BeforeMethod SetupTest -->
  <testcase name="@AfterMethod tearDownMethod" time="-1.607278849424E9" classname="test.AddPostTest">
    <skipped/>
  </testcase> <!-- @AfterMethod tearDownMethod -->
  <testcase name="@BeforeMethod SetupTest" time="-1.607278849428E9" classname="test.AddPostTest">
    <skipped/>
  </testcase> <!-- @BeforeMethod SetupTest -->
  <testcase name="@AfterMethod tearDownMethod" time="-1.607278849442E9" classname="test.AddPostTest">
    <skipped/>
  </testcase> <!-- @AfterMethod tearDownMethod -->
  <testcase name="@AfterTest tearDownTest" time="-1.607278849451E9" classname="test.AddPostTest">
    <skipped/>
  </testcase> <!-- @AfterTest tearDownTest -->
  <testcase name="VerifyloginWithInvalidData" time="0.0" classname="test.AddPostTest">
    <skipped/>
  </testcase> <!-- VerifyloginWithInvalidData -->
  <testcase name="VerifyloginWithValidData" time="0.0" classname="test.AddPostTest">
    <skipped/>
  </testcase> <!-- VerifyloginWithValidData -->
  <testcase name="verifyAddPost" time="0.0" classname="test.AddPostTest">
    <skipped/>
  </testcase> <!-- verifyAddPost -->
</testsuite> <!-- Test -->
